[2026-03-26 23:51:02] Gönderilecek mail yok.
[2026-03-26 23:52:02] Gönderilecek mail yok.
[2026-03-26 23:53:02] Gönderilecek mail yok.
[2026-03-26 23:54:02] 6 adet pending mail bulundu.
[2026-03-26 23:54:05] ✓ Gönderildi → erdemgms350tr@gmail.com | Konu: [Project Oil] ➕ Ekleme — 🚗 Araç
[2026-03-26 23:54:13] ✓ Gönderildi → erdemgms350tr@gmail.com | Konu: [Project Oil] 🗑️ Silme — 🚗 Araç
[2026-03-26 23:54:17] ✓ Gönderildi → erdemgms350tr@gmail.com | Konu: [Project Oil] ➕ Ekleme — 🏭 Tesis
[2026-03-26 23:54:20] ✓ Gönderildi → erdemgms350tr@gmail.com | Konu: [Project Oil] 🗑️ Silme — 🏭 Tesis
[2026-03-26 23:54:22] ✓ Gönderildi → erdemgms350tr@gmail.com | Konu: [Project Oil] ➕ Ekleme — 📦 Ürün
[2026-03-26 23:54:24] ✓ Gönderildi → erdemgms350tr@gmail.com | Konu: [Project Oil] 🗑️ Silme — 📦 Ürün
[2026-03-26 23:54:24] Tamamlandı. Gönderilen: 6 | Başarısız: 0 | Süre: 22.66sn
[2026-03-26 23:55:24] 1 adet pending mail bulundu.
[2026-03-26 23:55:27] ✓ Gönderildi → erdemgms350tr@gmail.com | Konu: [Project Oil] 🗑️ Silme — 🛢️ Araç Yağ Kaydı
[2026-03-26 23:55:27] Tamamlandı. Gönderilen: 1 | Başarısız: 0 | Süre: 3.12sn
[2026-03-26 23:56:27] Cooldown aktif. Bitiş: 2026-03-27 00:05:58 (kalan: 571sn). Çıkılıyor.
[2026-03-26 23:57:27] Cooldown aktif. Bitiş: 2026-03-27 00:05:58 (kalan: 511sn). Çıkılıyor.
[2026-03-26 23:58:27] Gönderilecek mail yok.
[2026-03-27 00:00:12] 3 adet pending mail bulundu.
[2026-03-27 00:00:17] ✓ Gönderildi → erdemgms350tr@gmail.com | Konu: [Project Oil] ➕ Ekleme — 🛢️ Araç Yağ Kaydı
[2026-03-27 00:00:23] ✓ Gönderildi → erdemgms350tr@gmail.com | Konu: [Project Oil] ➕ Ekleme — 🛢️ Araç Yağ Kaydı
[2026-03-27 00:00:28] ✗ Başarısız → erdemgms350tr@gmail.com | Hata: SMTP Error: Could not connect to SMTP host. Failed to connect to server
[2026-03-27 00:00:28] Tamamlandı. Gönderilen: 2 | Başarısız: 1 | Süre: 16.33sn
[2026-03-27 00:01:28] Gönderilecek mail yok.
[2026-03-27 00:02:28] Gönderilecek mail yok.
[2026-03-27 00:03:28] Gönderilecek mail yok.
[2026-03-27 00:04:28] Gönderilecek mail yok.
[2026-03-27 00:05:28] Cooldown aktif. Bitiş: 2026-03-27 00:15:10 (kalan: 582sn). Çıkılıyor.
[2026-03-27 00:06:28] Cooldown aktif. Bitiş: 2026-03-27 00:15:10 (kalan: 522sn). Çıkılıyor.
[2026-03-27 00:07:28] Gönderilecek mail yok.
[2026-03-27 00:08:28] Gönderilecek mail yok.
[2026-03-27 00:09:28] 1 adet pending mail bulundu.
[2026-03-27 00:09:35] ✓ Gönderildi → erdemgms350tr@gmail.com | Konu: [Project Oil] ✏️ Güncelleme — 👤 Kullanıcı
[2026-03-27 00:09:35] Tamamlandı. Gönderilen: 1 | Başarısız: 0 | Süre: 6.88sn
[2026-03-27 00:10:35] Gönderilecek mail yok.
[2026-03-27 00:11:35] Cooldown aktif. Bitiş: 2026-03-27 00:21:09 (kalan: 574sn). Çıkılıyor.
[2026-03-27 00:12:35] Cooldown aktif. Bitiş: 2026-03-27 00:21:09 (kalan: 514sn). Çıkılıyor.
[2026-03-27 00:13:35] Cooldown aktif. Bitiş: 2026-03-27 00:21:09 (kalan: 454sn). Çıkılıyor.
[2026-03-27 00:14:35] Gönderilecek mail yok.
[2026-03-27 00:15:35] Gönderilecek mail yok.
[2026-03-27 00:16:35] Gönderilecek mail yok.
[2026-03-27 00:17:35] Gönderilecek mail yok.
[2026-03-27 00:18:35] Gönderilecek mail yok.
[2026-03-27 00:19:35] Gönderilecek mail yok.
